Build started 07/04/2016 11:23:17.
     1>Project "C:\Users\lab422\Desktop\Monitors\MonitorLabs\MonitorLab\MonitorLab\MonitorLab.vcxproj" on node 2 (Build target(s)).
     1>ClCompile:
         C:\Program Files (x86)\Microsoft Visual Studio 14.0\VC\bin\CL.exe /c /IC:\Boost\boost_1_60_0 /IC:\connector\include /I"C:\SFML-2.3.2\include" /ZI /nologo /W3 /WX- /sdl /Od /Oy- /D WIN32 /D _DEBUG /D _CONSOLE /Gm /EHsc /RTC1 /MDd /GS /fp:precise /Zc:wchar_t /Zc:forScope /Zc:inline /Fo"Debug\\" /Fd"Debug\vc140.pdb" /Gd /TP /analyze- /errorReport:prompt MonitorLab.cpp
         MonitorLab.cpp
     1>c:\users\lab422\desktop\monitors\monitorlabs\monitorlab\monitorlab\monitorlab.cpp(45): error C2065: 'BoundedBuffer': undeclared identifier
     1>c:\users\lab422\desktop\monitors\monitorlabs\monitorlab\monitorlab\monitorlab.cpp(45): error C2146: syntax error: missing ';' before identifier 'buffer'
     1>c:\users\lab422\desktop\monitors\monitorlabs\monitorlab\monitorlab\monitorlab.cpp(45): error C3861: 'buffer': identifier not found
     1>c:\users\lab422\desktop\monitors\monitorlabs\monitorlab\monitorlab\monitorlab.cpp(47): error C2065: 'consumer': undeclared identifier
     1>c:\users\lab422\desktop\monitors\monitorlabs\monitorlab\monitorlab\monitorlab.cpp(47): error C2065: 'buffer': undeclared identifier
     1>c:\users\lab422\desktop\monitors\monitorlabs\monitorlab\monitorlab\monitorlab.cpp(48): error C2065: 'consumer': undeclared identifier
     1>c:\users\lab422\desktop\monitors\monitorlabs\monitorlab\monitorlab\monitorlab.cpp(48): error C2065: 'buffer': undeclared identifier
     1>c:\users\lab422\desktop\monitors\monitorlabs\monitorlab\monitorlab\monitorlab.cpp(49): error C2065: 'consumer': undeclared identifier
     1>c:\users\lab422\desktop\monitors\monitorlabs\monitorlab\monitorlab\monitorlab.cpp(49): error C2065: 'buffer': undeclared identifier
     1>c:\users\lab422\desktop\monitors\monitorlabs\monitorlab\monitorlab\monitorlab.cpp(50): error C2065: 'producer': undeclared identifier
     1>c:\users\lab422\desktop\monitors\monitorlabs\monitorlab\monitorlab\monitorlab.cpp(50): error C2065: 'buffer': undeclared identifier
     1>c:\users\lab422\desktop\monitors\monitorlabs\monitorlab\monitorlab\monitorlab.cpp(51): error C2065: 'producer': undeclared identifier
     1>c:\users\lab422\desktop\monitors\monitorlabs\monitorlab\monitorlab\monitorlab.cpp(51): error C2065: 'buffer': undeclared identifier
     1>Done Building Project "C:\Users\lab422\Desktop\Monitors\MonitorLabs\MonitorLab\MonitorLab\MonitorLab.vcxproj" (Build target(s)) -- FAILED.

Build FAILED.

Time Elapsed 00:00:01.34
